[0.007s] Invoking command in '/home/ju/dev_ws/build/mobile_robot': CMAKE_PREFIX_PATH=${CMAKE_PREFIX_PATH}:/opt/ros/humble /usr/bin/cmake /home/ju/dev_ws/src/mobile_robot -DCMAKE_INSTALL_PREFIX=/home/ju/dev_ws/install/mobile_robot
[0.018s] -- Found ament_cmake: 1.3.10 (/opt/ros/humble/share/ament_cmake/cmake)
[0.114s] -- Override CMake install command with custom implementation using symlinks instead of copying resources
[0.119s] -- Found xacro: 2.0.8 (/opt/ros/humble/share/xacro/cmake)
[0.119s] -- Found ament_lint_auto: 0.12.11 (/opt/ros/humble/share/ament_lint_auto/cmake)
[0.171s] -- Added test 'copyright' to check source files copyright and LICENSE
[0.174s] -- Added test 'flake8' to check Python code syntax and style conventions
[0.174s] -- Added test 'lint_cmake' to check CMake code style
[0.174s] -- Added test 'pep257' to check Python code against some of the docstring style conventions in PEP 257
[0.176s] -- Added test 'xmllint' to check XML markup files
[0.176s] -- Configuring done
[0.178s] -- Generating done
[0.178s] -- Build files have been written to: /home/ju/dev_ws/build/mobile_robot
[0.181s] Invoked command in '/home/ju/dev_ws/build/mobile_robot' returned '0': CMAKE_PREFIX_PATH=${CMAKE_PREFIX_PATH}:/opt/ros/humble /usr/bin/cmake /home/ju/dev_ws/src/mobile_robot -DCMAKE_INSTALL_PREFIX=/home/ju/dev_ws/install/mobile_robot
[0.182s] Invoking command in '/home/ju/dev_ws/build/mobile_robot': CMAKE_PREFIX_PATH=${CMAKE_PREFIX_PATH}:/opt/ros/humble /usr/bin/cmake --build /home/ju/dev_ws/build/mobile_robot -- -j20 -l20
[0.238s] Invoked command in '/home/ju/dev_ws/build/mobile_robot' returned '0': CMAKE_PREFIX_PATH=${CMAKE_PREFIX_PATH}:/opt/ros/humble /usr/bin/cmake --build /home/ju/dev_ws/build/mobile_robot -- -j20 -l20
[0.308s] Invoking command in '/home/ju/dev_ws/build/mobile_robot': CMAKE_PREFIX_PATH=${CMAKE_PREFIX_PATH}:/opt/ros/humble /usr/bin/cmake --install /home/ju/dev_ws/build/mobile_robot
[0.326s] -- Install configuration: ""
[0.327s] -- Execute custom install script
[0.328s] -- Up-to-date symlink: /home/ju/dev_ws/install/mobile_robot/share/mobile_robot/config/empty.yaml
[0.329s] -- Up-to-date symlink: /home/ju/dev_ws/install/mobile_robot/share/mobile_robot/description/robot.urdf.xacro
[0.329s] -- Up-to-date symlink: /home/ju/dev_ws/install/mobile_robot/share/mobile_robot/description/robot_core.xacro
[0.329s] -- Up-to-date symlink: /home/ju/dev_ws/install/mobile_robot/share/mobile_robot/launch/rsp.launch.py
[0.329s] -- Up-to-date symlink: /home/ju/dev_ws/install/mobile_robot/share/mobile_robot/worlds/empty.world
[0.330s] -- Up-to-date symlink: /home/ju/dev_ws/install/mobile_robot/share/ament_index/resource_index/package_run_dependencies/mobile_robot
[0.330s] -- Up-to-date symlink: /home/ju/dev_ws/install/mobile_robot/share/ament_index/resource_index/parent_prefix_path/mobile_robot
[0.330s] -- Up-to-date symlink: /home/ju/dev_ws/install/mobile_robot/share/mobile_robot/environment/ament_prefix_path.sh
[0.330s] -- Up-to-date symlink: /home/ju/dev_ws/install/mobile_robot/share/mobile_robot/environment/ament_prefix_path.dsv
[0.330s] -- Up-to-date symlink: /home/ju/dev_ws/install/mobile_robot/share/mobile_robot/environment/path.sh
[0.331s] -- Up-to-date symlink: /home/ju/dev_ws/install/mobile_robot/share/mobile_robot/environment/path.dsv
[0.331s] -- Up-to-date symlink: /home/ju/dev_ws/install/mobile_robot/share/mobile_robot/local_setup.bash
[0.331s] -- Up-to-date symlink: /home/ju/dev_ws/install/mobile_robot/share/mobile_robot/local_setup.sh
[0.331s] -- Up-to-date symlink: /home/ju/dev_ws/install/mobile_robot/share/mobile_robot/local_setup.zsh
[0.332s] -- Up-to-date symlink: /home/ju/dev_ws/install/mobile_robot/share/mobile_robot/local_setup.dsv
[0.332s] -- Symlinking: /home/ju/dev_ws/install/mobile_robot/share/mobile_robot/package.dsv
[0.347s] -- Up-to-date symlink: /home/ju/dev_ws/install/mobile_robot/share/ament_index/resource_index/packages/mobile_robot
[0.347s] -- Up-to-date symlink: /home/ju/dev_ws/install/mobile_robot/share/mobile_robot/cmake/mobile_robotConfig.cmake
[0.347s] -- Up-to-date symlink: /home/ju/dev_ws/install/mobile_robot/share/mobile_robot/cmake/mobile_robotConfig-version.cmake
[0.347s] -- Up-to-date symlink: /home/ju/dev_ws/install/mobile_robot/share/mobile_robot/package.xml
[0.349s] Invoked command in '/home/ju/dev_ws/build/mobile_robot' returned '0': CMAKE_PREFIX_PATH=${CMAKE_PREFIX_PATH}:/opt/ros/humble /usr/bin/cmake --install /home/ju/dev_ws/build/mobile_robot
