[0.007s] Invoking command in '/home/ju/dev_ws/build/mobile_robot': CMAKE_PREFIX_PATH=/opt/ros/humble /usr/bin/cmake /home/ju/dev_ws/src/mobile_robot -DAMENT_CMAKE_SYMLINK_INSTALL=1 -DCMAKE_INSTALL_PREFIX=/home/ju/dev_ws/install/mobile_robot
[0.016s] -- Found ament_cmake: 1.3.10 (/opt/ros/humble/share/ament_cmake/cmake)
[0.104s] -- Override CMake install command with custom implementation using symlinks instead of copying resources
[0.108s] -- Found xacro: 2.0.8 (/opt/ros/humble/share/xacro/cmake)
[0.108s] -- Found ament_lint_auto: 0.12.11 (/opt/ros/humble/share/ament_lint_auto/cmake)
[0.155s] -- Added test 'copyright' to check source files copyright and LICENSE
[0.158s] -- Added test 'flake8' to check Python code syntax and style conventions
[0.159s] -- Added test 'lint_cmake' to check CMake code style
[0.159s] -- Added test 'pep257' to check Python code against some of the docstring style conventions in PEP 257
[0.160s] -- Added test 'xmllint' to check XML markup files
[0.161s] -- Configuring done
[0.162s] -- Generating done
[0.163s] -- Build files have been written to: /home/ju/dev_ws/build/mobile_robot
[0.165s] Invoked command in '/home/ju/dev_ws/build/mobile_robot' returned '0': CMAKE_PREFIX_PATH=/opt/ros/humble /usr/bin/cmake /home/ju/dev_ws/src/mobile_robot -DAMENT_CMAKE_SYMLINK_INSTALL=1 -DCMAKE_INSTALL_PREFIX=/home/ju/dev_ws/install/mobile_robot
[0.166s] Invoking command in '/home/ju/dev_ws/build/mobile_robot': CMAKE_PREFIX_PATH=/opt/ros/humble /usr/bin/cmake --build /home/ju/dev_ws/build/mobile_robot -- -j20 -l20
[0.198s] Invoked command in '/home/ju/dev_ws/build/mobile_robot' returned '0': CMAKE_PREFIX_PATH=/opt/ros/humble /usr/bin/cmake --build /home/ju/dev_ws/build/mobile_robot -- -j20 -l20
[0.238s] Invoking command in '/home/ju/dev_ws/build/mobile_robot': CMAKE_PREFIX_PATH=/opt/ros/humble /usr/bin/cmake --install /home/ju/dev_ws/build/mobile_robot
[0.254s] -- Install configuration: ""
[0.256s] -- Execute custom install script
[0.257s] -- Up-to-date symlink: /home/ju/dev_ws/install/mobile_robot/share/mobile_robot/config/empty.yaml
[0.257s] -- Up-to-date symlink: /home/ju/dev_ws/install/mobile_robot/share/mobile_robot/description/robot.urdf.xacro
[0.257s] -- Up-to-date symlink: /home/ju/dev_ws/install/mobile_robot/share/mobile_robot/description/robot_core.xacro
[0.258s] -- Up-to-date symlink: /home/ju/dev_ws/install/mobile_robot/share/mobile_robot/launch/rsp.launch.py
[0.258s] -- Up-to-date symlink: /home/ju/dev_ws/install/mobile_robot/share/mobile_robot/worlds/empty.world
[0.259s] -- Up-to-date symlink: /home/ju/dev_ws/install/mobile_robot/share/ament_index/resource_index/package_run_dependencies/mobile_robot
[0.259s] -- Up-to-date symlink: /home/ju/dev_ws/install/mobile_robot/share/ament_index/resource_index/parent_prefix_path/mobile_robot
[0.259s] -- Up-to-date symlink: /home/ju/dev_ws/install/mobile_robot/share/mobile_robot/environment/ament_prefix_path.sh
[0.260s] -- Up-to-date symlink: /home/ju/dev_ws/install/mobile_robot/share/mobile_robot/environment/ament_prefix_path.dsv
[0.260s] -- Up-to-date symlink: /home/ju/dev_ws/install/mobile_robot/share/mobile_robot/environment/path.sh
[0.260s] -- Up-to-date symlink: /home/ju/dev_ws/install/mobile_robot/share/mobile_robot/environment/path.dsv
[0.260s] -- Up-to-date symlink: /home/ju/dev_ws/install/mobile_robot/share/mobile_robot/local_setup.bash
[0.261s] -- Up-to-date symlink: /home/ju/dev_ws/install/mobile_robot/share/mobile_robot/local_setup.sh
[0.261s] -- Up-to-date symlink: /home/ju/dev_ws/install/mobile_robot/share/mobile_robot/local_setup.zsh
[0.261s] -- Up-to-date symlink: /home/ju/dev_ws/install/mobile_robot/share/mobile_robot/local_setup.dsv
[0.261s] -- Symlinking: /home/ju/dev_ws/install/mobile_robot/share/mobile_robot/package.dsv
[0.271s] -- Up-to-date symlink: /home/ju/dev_ws/install/mobile_robot/share/ament_index/resource_index/packages/mobile_robot
[0.271s] -- Up-to-date symlink: /home/ju/dev_ws/install/mobile_robot/share/mobile_robot/cmake/mobile_robotConfig.cmake
[0.271s] -- Up-to-date symlink: /home/ju/dev_ws/install/mobile_robot/share/mobile_robot/cmake/mobile_robotConfig-version.cmake
[0.271s] -- Up-to-date symlink: /home/ju/dev_ws/install/mobile_robot/share/mobile_robot/package.xml
[0.272s] Invoked command in '/home/ju/dev_ws/build/mobile_robot' returned '0': CMAKE_PREFIX_PATH=/opt/ros/humble /usr/bin/cmake --install /home/ju/dev_ws/build/mobile_robot
