[0.005s] Invoking command in '/home/ju/dev_ws/build/mobile_robot': CMAKE_PREFIX_PATH=/opt/ros/humble /usr/bin/cmake /home/ju/dev_ws/src/mobile_robot -DCMAKE_INSTALL_PREFIX=/home/ju/dev_ws/install/mobile_robot
[0.076s] -- The C compiler identification is GNU 11.4.0
[0.128s] -- The CXX compiler identification is GNU 11.4.0
[0.133s] -- Detecting C compiler ABI info
[0.178s] -- Detecting C compiler ABI info - done
[0.185s] -- Check for working C compiler: /usr/bin/cc - skipped
[0.185s] -- Detecting C compile features
[0.185s] -- Detecting C compile features - done
[0.187s] -- Detecting CXX compiler ABI info
[0.237s] -- Detecting CXX compiler ABI info - done
[0.241s] -- Check for working CXX compiler: /usr/bin/c++ - skipped
[0.241s] -- Detecting CXX compile features
[0.241s] -- Detecting CXX compile features - done
[0.243s] -- Found ament_cmake: 1.3.10 (/opt/ros/humble/share/ament_cmake/cmake)
[0.327s] -- Found Python3: /usr/bin/python3 (found version "3.10.12") found components: Interpreter 
[0.380s] -- Found ament_lint_auto: 0.12.11 (/opt/ros/humble/share/ament_lint_auto/cmake)
[0.423s] -- Added test 'copyright' to check source files copyright and LICENSE
[0.427s] -- Added test 'flake8' to check Python code syntax and style conventions
[0.427s] -- Added test 'lint_cmake' to check CMake code style
[0.427s] -- Added test 'pep257' to check Python code against some of the docstring style conventions in PEP 257
[0.429s] -- Added test 'xmllint' to check XML markup files
[0.429s] -- Configuring done
[0.430s] -- Generating done
[0.431s] -- Build files have been written to: /home/ju/dev_ws/build/mobile_robot
[0.434s] Invoked command in '/home/ju/dev_ws/build/mobile_robot' returned '0': CMAKE_PREFIX_PATH=/opt/ros/humble /usr/bin/cmake /home/ju/dev_ws/src/mobile_robot -DCMAKE_INSTALL_PREFIX=/home/ju/dev_ws/install/mobile_robot
[0.434s] Invoking command in '/home/ju/dev_ws/build/mobile_robot': CMAKE_PREFIX_PATH=/opt/ros/humble /usr/bin/cmake --build /home/ju/dev_ws/build/mobile_robot -- -j20 -l20
[0.458s] Invoked command in '/home/ju/dev_ws/build/mobile_robot' returned '0': CMAKE_PREFIX_PATH=/opt/ros/humble /usr/bin/cmake --build /home/ju/dev_ws/build/mobile_robot -- -j20 -l20
[0.475s] Invoking command in '/home/ju/dev_ws/build/mobile_robot': CMAKE_PREFIX_PATH=/opt/ros/humble /usr/bin/cmake --install /home/ju/dev_ws/build/mobile_robot
[0.479s] -- Install configuration: ""
[0.479s] -- Installing: /home/ju/dev_ws/install/mobile_robot/share/mobile_robot/config
[0.479s] -- Installing: /home/ju/dev_ws/install/mobile_robot/share/mobile_robot/config/empty.yaml
[0.479s] -- Installing: /home/ju/dev_ws/install/mobile_robot/share/mobile_robot/description
[0.479s] -- Installing: /home/ju/dev_ws/install/mobile_robot/share/mobile_robot/description/robot.urdf.xacro
[0.479s] -- Installing: /home/ju/dev_ws/install/mobile_robot/share/mobile_robot/launch
[0.479s] -- Installing: /home/ju/dev_ws/install/mobile_robot/share/mobile_robot/launch/rsp.launch.py
[0.479s] -- Installing: /home/ju/dev_ws/install/mobile_robot/share/mobile_robot/worlds
[0.479s] -- Installing: /home/ju/dev_ws/install/mobile_robot/share/mobile_robot/worlds/empty.world
[0.479s] -- Installing: /home/ju/dev_ws/install/mobile_robot/share/ament_index/resource_index/package_run_dependencies/mobile_robot
[0.479s] -- Installing: /home/ju/dev_ws/install/mobile_robot/share/ament_index/resource_index/parent_prefix_path/mobile_robot
[0.479s] -- Installing: /home/ju/dev_ws/install/mobile_robot/share/mobile_robot/environment/ament_prefix_path.sh
[0.479s] -- Installing: /home/ju/dev_ws/install/mobile_robot/share/mobile_robot/environment/ament_prefix_path.dsv
[0.479s] -- Installing: /home/ju/dev_ws/install/mobile_robot/share/mobile_robot/environment/path.sh
[0.479s] -- Installing: /home/ju/dev_ws/install/mobile_robot/share/mobile_robot/environment/path.dsv
[0.479s] -- Installing: /home/ju/dev_ws/install/mobile_robot/share/mobile_robot/local_setup.bash
[0.479s] -- Installing: /home/ju/dev_ws/install/mobile_robot/share/mobile_robot/local_setup.sh
[0.479s] -- Installing: /home/ju/dev_ws/install/mobile_robot/share/mobile_robot/local_setup.zsh
[0.479s] -- Installing: /home/ju/dev_ws/install/mobile_robot/share/mobile_robot/local_setup.dsv
[0.480s] -- Installing: /home/ju/dev_ws/install/mobile_robot/share/mobile_robot/package.dsv
[0.480s] -- Installing: /home/ju/dev_ws/install/mobile_robot/share/ament_index/resource_index/packages/mobile_robot
[0.480s] -- Installing: /home/ju/dev_ws/install/mobile_robot/share/mobile_robot/cmake/mobile_robotConfig.cmake
[0.480s] -- Installing: /home/ju/dev_ws/install/mobile_robot/share/mobile_robot/cmake/mobile_robotConfig-version.cmake
[0.480s] -- Installing: /home/ju/dev_ws/install/mobile_robot/share/mobile_robot/package.xml
[0.481s] Invoked command in '/home/ju/dev_ws/build/mobile_robot' returned '0': CMAKE_PREFIX_PATH=/opt/ros/humble /usr/bin/cmake --install /home/ju/dev_ws/build/mobile_robot
