[0.005s] Invoking command in '/home/ju/dev_ws/build/mobile_robot': CMAKE_PREFIX_PATH=${CMAKE_PREFIX_PATH}:/opt/ros/humble /usr/bin/cmake --build /home/ju/dev_ws/build/mobile_robot -- -j20 -l20
[0.019s] -- Found ament_cmake: 1.3.10 (/opt/ros/humble/share/ament_cmake/cmake)
[0.093s] [31mCMake Error at CMakeLists.txt:20 (find_package):
[0.093s]   By not providing "Findxacro.cmake" in CMAKE_MODULE_PATH this project has
[0.093s]   asked CMake to find a package configuration file provided by "xacro", but
[0.093s]   CMake did not find one.
[0.093s] 
[0.093s]   Could not find a package configuration file provided by "xacro" with any of
[0.093s]   the following names:
[0.093s] 
[0.093s]     xacroConfig.cmake
[0.093s]     xacro-config.cmake
[0.093s] 
[0.093s]   Add the installation prefix of "xacro" to CMAKE_PREFIX_PATH or set
[0.093s]   "xacro_DIR" to a directory containing one of the above files.  If "xacro"
[0.093s]   provides a separate development package or SDK, be sure it has been
[0.093s]   installed.
[0.093s] 
[0.093s] [0m
[0.093s] -- Configuring incomplete, errors occurred!
[0.093s] See also "/home/ju/dev_ws/build/mobile_robot/CMakeFiles/CMakeOutput.log".
[0.094s] gmake: *** [Makefile:226: cmake_check_build_system] Error 1
[0.095s] Invoked command in '/home/ju/dev_ws/build/mobile_robot' returned '2': CMAKE_PREFIX_PATH=${CMAKE_PREFIX_PATH}:/opt/ros/humble /usr/bin/cmake --build /home/ju/dev_ws/build/mobile_robot -- -j20 -l20
