[0.008s] Invoking command in '/home/ju/dev_ws/build/mobile_robot': CMAKE_PREFIX_PATH=${CMAKE_PREFIX_PATH}:/opt/ros/humble /usr/bin/cmake --build /home/ju/dev_ws/build/mobile_robot -- -j20 -l20
[0.053s] Invoked command in '/home/ju/dev_ws/build/mobile_robot' returned '0': CMAKE_PREFIX_PATH=${CMAKE_PREFIX_PATH}:/opt/ros/humble /usr/bin/cmake --build /home/ju/dev_ws/build/mobile_robot -- -j20 -l20
[0.103s] Invoking command in '/home/ju/dev_ws/build/mobile_robot': CMAKE_PREFIX_PATH=${CMAKE_PREFIX_PATH}:/opt/ros/humble /usr/bin/cmake --install /home/ju/dev_ws/build/mobile_robot
[0.112s] -- Install configuration: ""
[0.113s] -- Execute custom install script
[0.113s] -- Up-to-date symlink: /home/ju/dev_ws/install/mobile_robot/share/mobile_robot/config/empty.yaml
[0.114s] -- Up-to-date symlink: /home/ju/dev_ws/install/mobile_robot/share/mobile_robot/description/robot.urdf.xacro
[0.114s] -- Up-to-date symlink: /home/ju/dev_ws/install/mobile_robot/share/mobile_robot/description/robot_core.xacro
[0.114s] -- Up-to-date symlink: /home/ju/dev_ws/install/mobile_robot/share/mobile_robot/launch/rsp.launch.py
[0.114s] -- Up-to-date symlink: /home/ju/dev_ws/install/mobile_robot/share/mobile_robot/worlds/empty.world
[0.115s] -- Up-to-date symlink: /home/ju/dev_ws/install/mobile_robot/share/ament_index/resource_index/package_run_dependencies/mobile_robot
[0.115s] -- Up-to-date symlink: /home/ju/dev_ws/install/mobile_robot/share/ament_index/resource_index/parent_prefix_path/mobile_robot
[0.115s] -- Up-to-date symlink: /home/ju/dev_ws/install/mobile_robot/share/mobile_robot/environment/ament_prefix_path.sh
[0.115s] -- Up-to-date symlink: /home/ju/dev_ws/install/mobile_robot/share/mobile_robot/environment/ament_prefix_path.dsv
[0.115s] -- Up-to-date symlink: /home/ju/dev_ws/install/mobile_robot/share/mobile_robot/environment/path.sh
[0.115s] -- Up-to-date symlink: /home/ju/dev_ws/install/mobile_robot/share/mobile_robot/environment/path.dsv
[0.116s] -- Up-to-date symlink: /home/ju/dev_ws/install/mobile_robot/share/mobile_robot/local_setup.bash
[0.116s] -- Up-to-date symlink: /home/ju/dev_ws/install/mobile_robot/share/mobile_robot/local_setup.sh
[0.116s] -- Up-to-date symlink: /home/ju/dev_ws/install/mobile_robot/share/mobile_robot/local_setup.zsh
[0.116s] -- Up-to-date symlink: /home/ju/dev_ws/install/mobile_robot/share/mobile_robot/local_setup.dsv
[0.116s] -- Symlinking: /home/ju/dev_ws/install/mobile_robot/share/mobile_robot/package.dsv
[0.128s] -- Up-to-date symlink: /home/ju/dev_ws/install/mobile_robot/share/ament_index/resource_index/packages/mobile_robot
[0.128s] -- Up-to-date symlink: /home/ju/dev_ws/install/mobile_robot/share/mobile_robot/cmake/mobile_robotConfig.cmake
[0.128s] -- Up-to-date symlink: /home/ju/dev_ws/install/mobile_robot/share/mobile_robot/cmake/mobile_robotConfig-version.cmake
[0.128s] -- Up-to-date symlink: /home/ju/dev_ws/install/mobile_robot/share/mobile_robot/package.xml
[0.130s] Invoked command in '/home/ju/dev_ws/build/mobile_robot' returned '0': CMAKE_PREFIX_PATH=${CMAKE_PREFIX_PATH}:/opt/ros/humble /usr/bin/cmake --install /home/ju/dev_ws/build/mobile_robot
