-- Found ament_cmake: 1.3.10 (/opt/ros/humble/share/ament_cmake/cmake)
-- Override CMake install command with custom implementation using symlinks instead of copying resources
-- Found xacro: 2.0.8 (/opt/ros/humble/share/xacro/cmake)
-- Found ament_lint_auto: 0.12.11 (/opt/ros/humble/share/ament_lint_auto/cmake)
-- Added test 'copyright' to check source files copyright and LICENSE
-- Added test 'flake8' to check Python code syntax and style conventions
-- Added test 'lint_cmake' to check CMake code style
-- Added test 'pep257' to check Python code against some of the docstring style conventions in PEP 257
-- Added test 'xmllint' to check XML markup files
-- Configuring done
-- Generating done
-- Build files have been written to: /home/ju/dev_ws/build/mobile_robot
-- Install configuration: ""
-- Execute custom install script
-- Symlinking: /home/ju/dev_ws/install/mobile_robot/share/mobile_robot/config/empty.yaml
-- Symlinking: /home/ju/dev_ws/install/mobile_robot/share/mobile_robot/description/robot.urdf.xacro
-- Symlinking: /home/ju/dev_ws/install/mobile_robot/share/mobile_robot/description/robot_core.xacro
-- Symlinking: /home/ju/dev_ws/install/mobile_robot/share/mobile_robot/launch/rsp.launch.py
-- Symlinking: /home/ju/dev_ws/install/mobile_robot/share/mobile_robot/worlds/empty.world
-- Symlinking: /home/ju/dev_ws/install/mobile_robot/share/ament_index/resource_index/package_run_dependencies/mobile_robot
-- Symlinking: /home/ju/dev_ws/install/mobile_robot/share/ament_index/resource_index/parent_prefix_path/mobile_robot
-- Symlinking: /home/ju/dev_ws/install/mobile_robot/share/mobile_robot/environment/ament_prefix_path.sh
-- Symlinking: /home/ju/dev_ws/install/mobile_robot/share/mobile_robot/environment/ament_prefix_path.dsv
-- Symlinking: /home/ju/dev_ws/install/mobile_robot/share/mobile_robot/environment/path.sh
-- Symlinking: /home/ju/dev_ws/install/mobile_robot/share/mobile_robot/environment/path.dsv
-- Symlinking: /home/ju/dev_ws/install/mobile_robot/share/mobile_robot/local_setup.bash
-- Symlinking: /home/ju/dev_ws/install/mobile_robot/share/mobile_robot/local_setup.sh
-- Symlinking: /home/ju/dev_ws/install/mobile_robot/share/mobile_robot/local_setup.zsh
-- Symlinking: /home/ju/dev_ws/install/mobile_robot/share/mobile_robot/local_setup.dsv
-- Symlinking: /home/ju/dev_ws/install/mobile_robot/share/mobile_robot/package.dsv
-- Symlinking: /home/ju/dev_ws/install/mobile_robot/share/ament_index/resource_index/packages/mobile_robot
-- Symlinking: /home/ju/dev_ws/install/mobile_robot/share/mobile_robot/cmake/mobile_robotConfig.cmake
-- Symlinking: /home/ju/dev_ws/install/mobile_robot/share/mobile_robot/cmake/mobile_robotConfig-version.cmake
-- Symlinking: /home/ju/dev_ws/install/mobile_robot/share/mobile_robot/package.xml
