[0.005s] Invoking command in '/home/ju/dev_ws/build/mobile_robot': CMAKE_PREFIX_PATH=${CMAKE_PREFIX_PATH}:/opt/ros/humble /usr/bin/cmake --build /home/ju/dev_ws/build/mobile_robot -- -j20 -l20
[0.019s] -- Found ament_cmake: 1.3.10 (/opt/ros/humble/share/ament_cmake/cmake)
[0.085s] -- Found xacro: 2.0.8 (/opt/ros/humble/share/xacro/cmake)
[0.085s] -- Found ament_lint_auto: 0.12.11 (/opt/ros/humble/share/ament_lint_auto/cmake)
[0.119s] -- Added test 'copyright' to check source files copyright and LICENSE
[0.121s] -- Added test 'flake8' to check Python code syntax and style conventions
[0.122s] -- Added test 'lint_cmake' to check CMake code style
[0.122s] -- Added test 'pep257' to check Python code against some of the docstring style conventions in PEP 257
[0.123s] -- Added test 'xmllint' to check XML markup files
[0.123s] -- Configuring done
[0.124s] -- Generating done
[0.125s] -- Build files have been written to: /home/ju/dev_ws/build/mobile_robot
[0.139s] Invoked command in '/home/ju/dev_ws/build/mobile_robot' returned '0': CMAKE_PREFIX_PATH=${CMAKE_PREFIX_PATH}:/opt/ros/humble /usr/bin/cmake --build /home/ju/dev_ws/build/mobile_robot -- -j20 -l20
[0.159s] Invoking command in '/home/ju/dev_ws/build/mobile_robot': CMAKE_PREFIX_PATH=${CMAKE_PREFIX_PATH}:/opt/ros/humble /usr/bin/cmake --install /home/ju/dev_ws/build/mobile_robot
[0.163s] -- Install configuration: ""
[0.163s] -- Up-to-date: /home/ju/dev_ws/install/mobile_robot/share/mobile_robot/config
[0.163s] -- Up-to-date: /home/ju/dev_ws/install/mobile_robot/share/mobile_robot/config/empty.yaml
[0.163s] -- Up-to-date: /home/ju/dev_ws/install/mobile_robot/share/mobile_robot/description
[0.163s] -- Up-to-date: /home/ju/dev_ws/install/mobile_robot/share/mobile_robot/description/robot.urdf.xacro
[0.163s] -- Up-to-date: /home/ju/dev_ws/install/mobile_robot/share/mobile_robot/launch
[0.163s] -- Up-to-date: /home/ju/dev_ws/install/mobile_robot/share/mobile_robot/launch/rsp.launch.py
[0.163s] -- Up-to-date: /home/ju/dev_ws/install/mobile_robot/share/mobile_robot/worlds
[0.163s] -- Up-to-date: /home/ju/dev_ws/install/mobile_robot/share/mobile_robot/worlds/empty.world
[0.163s] -- Installing: /home/ju/dev_ws/install/mobile_robot/share/ament_index/resource_index/package_run_dependencies/mobile_robot
[0.163s] -- Installing: /home/ju/dev_ws/install/mobile_robot/share/ament_index/resource_index/parent_prefix_path/mobile_robot
[0.163s] -- Up-to-date: /home/ju/dev_ws/install/mobile_robot/share/mobile_robot/environment/ament_prefix_path.sh
[0.163s] -- Installing: /home/ju/dev_ws/install/mobile_robot/share/mobile_robot/environment/ament_prefix_path.dsv
[0.163s] -- Up-to-date: /home/ju/dev_ws/install/mobile_robot/share/mobile_robot/environment/path.sh
[0.163s] -- Installing: /home/ju/dev_ws/install/mobile_robot/share/mobile_robot/environment/path.dsv
[0.163s] -- Up-to-date: /home/ju/dev_ws/install/mobile_robot/share/mobile_robot/local_setup.bash
[0.163s] -- Up-to-date: /home/ju/dev_ws/install/mobile_robot/share/mobile_robot/local_setup.sh
[0.163s] -- Up-to-date: /home/ju/dev_ws/install/mobile_robot/share/mobile_robot/local_setup.zsh
[0.163s] -- Installing: /home/ju/dev_ws/install/mobile_robot/share/mobile_robot/local_setup.dsv
[0.163s] -- Installing: /home/ju/dev_ws/install/mobile_robot/share/mobile_robot/package.dsv
[0.163s] -- Up-to-date: /home/ju/dev_ws/install/mobile_robot/share/ament_index/resource_index/packages/mobile_robot
[0.163s] -- Up-to-date: /home/ju/dev_ws/install/mobile_robot/share/mobile_robot/cmake/mobile_robotConfig.cmake
[0.163s] -- Up-to-date: /home/ju/dev_ws/install/mobile_robot/share/mobile_robot/cmake/mobile_robotConfig-version.cmake
[0.163s] -- Installing: /home/ju/dev_ws/install/mobile_robot/share/mobile_robot/package.xml
[0.164s] Invoked command in '/home/ju/dev_ws/build/mobile_robot' returned '0': CMAKE_PREFIX_PATH=${CMAKE_PREFIX_PATH}:/opt/ros/humble /usr/bin/cmake --install /home/ju/dev_ws/build/mobile_robot
